2015-12-09 11:32:24,381 export.decrypt  ERROR    Decode failed, item skipped. See information: Incorrect padding
Traceback (most recent call last):
  File "export.py", line 139, in decrypt
    value = crypto.decode('base64')
  File "/Users/Diheng/PIExporter/venv/lib/python2.7/encodings/base64_codec.py", line 42, in base64_decode
    output = base64.decodestring(input)
  File "/System/Library/Frameworks/Python.framework/Versions/2.7/lib/python2.7/base64.py", line 321, in decodestring
    return binascii.a2b_base64(s)
Error: Incorrect padding
2015-12-09 11:32:24,425 export.decrypt  ERROR    Decode failed, item skipped. See information: Incorrect padding
Traceback (most recent call last):
  File "export.py", line 139, in decrypt
    value = crypto.decode('base64')
  File "/Users/Diheng/PIExporter/venv/lib/python2.7/encodings/base64_codec.py", line 42, in base64_decode
    output = base64.decodestring(input)
  File "/System/Library/Frameworks/Python.framework/Versions/2.7/lib/python2.7/base64.py", line 321, in decodestring
    return binascii.a2b_base64(s)
Error: Incorrect padding
2015-12-09 11:32:24,726 export.decrypt  ERROR    Decode failed, item skipped. See information: Incorrect padding
Traceback (most recent call last):
  File "export.py", line 139, in decrypt
    value = crypto.decode('base64')
  File "/Users/Diheng/PIExporter/venv/lib/python2.7/encodings/base64_codec.py", line 42, in base64_decode
    output = base64.decodestring(input)
  File "/System/Library/Frameworks/Python.framework/Versions/2.7/lib/python2.7/base64.py", line 321, in decodestring
    return binascii.a2b_base64(s)
Error: Incorrect padding
2015-12-09 11:32:24,875 export.decrypt  ERROR    Decode failed, item skipped. See information: Incorrect padding
Traceback (most recent call last):
  File "export.py", line 139, in decrypt
    value = crypto.decode('base64')
  File "/Users/Diheng/PIExporter/venv/lib/python2.7/encodings/base64_codec.py", line 42, in base64_decode
    output = base64.decodestring(input)
  File "/System/Library/Frameworks/Python.framework/Versions/2.7/lib/python2.7/base64.py", line 321, in decodestring
    return binascii.a2b_base64(s)
Error: Incorrect padding
2015-12-09 11:32:24,970 export.decrypt  ERROR    Decode failed, item skipped. See information: Incorrect padding
Traceback (most recent call last):
  File "export.py", line 139, in decrypt
    value = crypto.decode('base64')
  File "/Users/Diheng/PIExporter/venv/lib/python2.7/encodings/base64_codec.py", line 42, in base64_decode
    output = base64.decodestring(input)
  File "/System/Library/Frameworks/Python.framework/Versions/2.7/lib/python2.7/base64.py", line 321, in decodestring
    return binascii.a2b_base64(s)
Error: Incorrect padding
2015-12-09 11:32:25,051 export.decrypt  ERROR    Decode failed, item skipped. See information: Incorrect padding
Traceback (most recent call last):
  File "export.py", line 139, in decrypt
    value = crypto.decode('base64')
  File "/Users/Diheng/PIExporter/venv/lib/python2.7/encodings/base64_codec.py", line 42, in base64_decode
    output = base64.decodestring(input)
  File "/System/Library/Frameworks/Python.framework/Versions/2.7/lib/python2.7/base64.py", line 321, in decodestring
    return binascii.a2b_base64(s)
Error: Incorrect padding
2015-12-09 11:32:25,171 export.decrypt  ERROR    Decode failed, item skipped. See information: Incorrect padding
Traceback (most recent call last):
  File "export.py", line 139, in decrypt
    value = crypto.decode('base64')
  File "/Users/Diheng/PIExporter/venv/lib/python2.7/encodings/base64_codec.py", line 42, in base64_decode
    output = base64.decodestring(input)
  File "/System/Library/Frameworks/Python.framework/Versions/2.7/lib/python2.7/base64.py", line 321, in decodestring
    return binascii.a2b_base64(s)
Error: Incorrect padding
2015-12-09 11:32:25,302 export.decrypt  ERROR    Decode failed, item skipped. See information: Incorrect padding
Traceback (most recent call last):
  File "export.py", line 139, in decrypt
    value = crypto.decode('base64')
  File "/Users/Diheng/PIExporter/venv/lib/python2.7/encodings/base64_codec.py", line 42, in base64_decode
    output = base64.decodestring(input)
  File "/System/Library/Frameworks/Python.framework/Versions/2.7/lib/python2.7/base64.py", line 321, in decodestring
    return binascii.a2b_base64(s)
Error: Incorrect padding
2015-12-09 11:32:25,578 export.decrypt  ERROR    Decode failed, item skipped. See information: Incorrect padding
Traceback (most recent call last):
  File "export.py", line 139, in decrypt
    value = crypto.decode('base64')
  File "/Users/Diheng/PIExporter/venv/lib/python2.7/encodings/base64_codec.py", line 42, in base64_decode
    output = base64.decodestring(input)
  File "/System/Library/Frameworks/Python.framework/Versions/2.7/lib/python2.7/base64.py", line 321, in decodestring
    return binascii.a2b_base64(s)
Error: Incorrect padding
2015-12-09 11:32:25,631 export.decrypt  ERROR    Decode failed, item skipped. See information: Incorrect padding
Traceback (most recent call last):
  File "export.py", line 139, in decrypt
    value = crypto.decode('base64')
  File "/Users/Diheng/PIExporter/venv/lib/python2.7/encodings/base64_codec.py", line 42, in base64_decode
    output = base64.decodestring(input)
  File "/System/Library/Frameworks/Python.framework/Versions/2.7/lib/python2.7/base64.py", line 321, in decodestring
    return binascii.a2b_base64(s)
Error: Incorrect padding
2015-12-09 11:32:25,715 export.decrypt  ERROR    Decode failed, item skipped. See information: Incorrect padding
Traceback (most recent call last):
  File "export.py", line 139, in decrypt
    value = crypto.decode('base64')
  File "/Users/Diheng/PIExporter/venv/lib/python2.7/encodings/base64_codec.py", line 42, in base64_decode
    output = base64.decodestring(input)
  File "/System/Library/Frameworks/Python.framework/Versions/2.7/lib/python2.7/base64.py", line 321, in decodestring
    return binascii.a2b_base64(s)
Error: Incorrect padding
